[22-Dec-2025 13:09:43 UTC] PHP Deprecated:  Firebase\JWT\JWT::encode(): Implicitly marking parameter $keyId as nullable is deprecated, the explicit nullable type must be used instead in /home/u399146576/websites/eOvWPbTL7/public_html/wp-content/plugins/jwt-authentication-for-wp-rest-api/includes/vendor/firebase/php-jwt/src/JWT.php on line 183
[22-Dec-2025 13:09:43 UTC] PHP Deprecated:  Firebase\JWT\JWT::encode(): Implicitly marking parameter $head as nullable is deprecated, the explicit nullable type must be used instead in /home/u399146576/websites/eOvWPbTL7/public_html/wp-content/plugins/jwt-authentication-for-wp-rest-api/includes/vendor/firebase/php-jwt/src/JWT.php on line 183
[22-Dec-2025 13:09:43 UTC] PHP Fatal error:  Uncaught Error: Undefined constant "Rejimde\Core\REJIMDE_CORE_PATH" in /home/u399146576/websites/eOvWPbTL7/public_html/wp-content/plugins/rejimde-core/includes/Core/Loader.php:18
Stack trace:
#0 /home/u399146576/websites/eOvWPbTL7/public_html/wp-content/plugins/rejimde-core/includes/Core/Loader.php(12): Rejimde\Core\Loader->load_files()
#1 /home/u399146576/websites/eOvWPbTL7/public_html/wp-content/plugins/rejimde-core/rejimde-core.php(37): Rejimde\Core\Loader->run()
#2 /home/u399146576/websites/eOvWPbTL7/public_html/wp-content/plugins/rejimde-core/rejimde-core.php(39): run_rejimde_core()
#3 /opt/h5g/flavors/wp-6.9/wp-settings.php(560): include_once('/home/u39914657...')
#4 phar:///usr/local/bin/wp-cli/vendor/wp-cli/wp-cli/php/WP_CLI/Runner.php(1374): require('/opt/h5g/flavor...')
#5 phar:///usr/local/bin/wp-cli/vendor/wp-cli/wp-cli/php/WP_CLI/Runner.php(1293): WP_CLI\Runner->load_wordpress()
#6 phar:///usr/local/bin/wp-cli/vendor/wp-cli/wp-cli/php/WP_CLI/Bootstrap/LaunchRunner.php(28): WP_CLI\Runner->start()
#7 phar:///usr/local/bin/wp-cli/vendor/wp-cli/wp-cli/php/bootstrap.php(84): WP_CLI\Bootstrap\LaunchRunner->process(Object(WP_CLI\Bootstrap\BootstrapState))
#8 phar:///usr/local/bin/wp-cli/vendor/wp-cli/wp-cli/php/wp-cli.php(35): WP_CLI\bootstrap()
#9 phar:///usr/local/bin/wp-cli/php/boot-phar.php(20): include('phar:///usr/loc...')
#10 /usr/local/bin/wp-cli(4): include('phar:///usr/loc...')
#11 {main}
  thrown in /home/u399146576/websites/eOvWPbTL7/public_html/wp-content/plugins/rejimde-core/includes/Core/Loader.php on line 18
[22-Dec-2025 13:09:45 UTC] PHP Deprecated:  Firebase\JWT\JWT::encode(): Implicitly marking parameter $keyId as nullable is deprecated, the explicit nullable type must be used instead in /home/u399146576/websites/eOvWPbTL7/public_html/wp-content/plugins/jwt-authentication-for-wp-rest-api/includes/vendor/firebase/php-jwt/src/JWT.php on line 183
[22-Dec-2025 13:09:45 UTC] PHP Deprecated:  Firebase\JWT\JWT::encode(): Implicitly marking parameter $head as nullable is deprecated, the explicit nullable type must be used instead in /home/u399146576/websites/eOvWPbTL7/public_html/wp-content/plugins/jwt-authentication-for-wp-rest-api/includes/vendor/firebase/php-jwt/src/JWT.php on line 183
[22-Dec-2025 13:09:45 UTC] PHP Fatal error:  Uncaught Error: Undefined constant "Rejimde\Core\REJIMDE_CORE_PATH" in /home/u399146576/websites/eOvWPbTL7/public_html/wp-content/plugins/rejimde-core/includes/Core/Loader.php:18
Stack trace:
#0 /home/u399146576/websites/eOvWPbTL7/public_html/wp-content/plugins/rejimde-core/includes/Core/Loader.php(12): Rejimde\Core\Loader->load_files()
#1 /home/u399146576/websites/eOvWPbTL7/public_html/wp-content/plugins/rejimde-core/rejimde-core.php(37): Rejimde\Core\Loader->run()
#2 /home/u399146576/websites/eOvWPbTL7/public_html/wp-content/plugins/rejimde-core/rejimde-core.php(39): run_rejimde_core()
#3 /opt/h5g/flavors/wp-6.9/wp-settings.php(560): include_once('/home/u39914657...')
#4 phar:///usr/local/bin/wp-cli/vendor/wp-cli/wp-cli/php/WP_CLI/Runner.php(1374): require('/opt/h5g/flavor...')
#5 phar:///usr/local/bin/wp-cli/vendor/wp-cli/wp-cli/php/WP_CLI/Runner.php(1293): WP_CLI\Runner->load_wordpress()
#6 phar:///usr/local/bin/wp-cli/vendor/wp-cli/wp-cli/php/WP_CLI/Bootstrap/LaunchRunner.php(28): WP_CLI\Runner->start()
#7 phar:///usr/local/bin/wp-cli/vendor/wp-cli/wp-cli/php/bootstrap.php(84): WP_CLI\Bootstrap\LaunchRunner->process(Object(WP_CLI\Bootstrap\BootstrapState))
#8 phar:///usr/local/bin/wp-cli/vendor/wp-cli/wp-cli/php/wp-cli.php(35): WP_CLI\bootstrap()
#9 phar:///usr/local/bin/wp-cli/php/boot-phar.php(20): include('phar:///usr/loc...')
#10 /usr/local/bin/wp-cli(4): include('phar:///usr/loc...')
#11 {main}
  thrown in /home/u399146576/websites/eOvWPbTL7/public_html/wp-content/plugins/rejimde-core/includes/Core/Loader.php on line 18
